2023-03-01 01:44:25.175 [info] Log level: Info
2023-03-01 01:44:25.175 [info] Validating found git in: "git"
2023-03-01 01:44:25.175 [info] Using git "2.39.2" from "git"
2023-03-01 01:44:25.175 [info] > git rev-parse --show-toplevel [4ms]
2023-03-01 01:44:25.175 [info] > git rev-parse --git-dir --git-common-dir [2ms]
2023-03-01 01:44:25.175 [info] Open repository: /run/media/jay/5CC8067AC80652A6/Projects/Imlight
2023-03-01 01:44:25.176 [info] > git rev-parse --show-toplevel [26ms]
2023-03-01 01:44:25.182 [info] > git config --get commit.template [7ms]
2023-03-01 01:44:25.194 [info] > git rev-parse --show-toplevel [13ms]
2023-03-01 01:44:25.201 [info] > git rev-parse --show-toplevel [3ms]
2023-03-01 01:44:25.207 [info] > git for-each-ref --format=%(refname)%00%(upstream:short)%00%(objectname)%00%(upstream:track)%00%(upstream:remotename)%00%(upstream:remoteref) refs/heads/main refs/remotes/main [19ms]
2023-03-01 01:44:25.220 [info] > git rev-parse --show-toplevel [13ms]
2023-03-01 01:44:25.228 [info] > git rev-parse --show-toplevel [4ms]
2023-03-01 01:44:25.241 [info] > git rev-parse --show-toplevel [8ms]
2023-03-01 01:44:25.246 [info] > git for-each-ref --sort -committerdate --format %(refname) %(objectname) %(*objectname) [27ms]
2023-03-01 01:44:25.248 [info] > git rev-parse --show-toplevel [3ms]
2023-03-01 01:44:25.254 [info] > git status -z -uall [41ms]
2023-03-01 01:44:25.267 [info] > git rev-parse --show-toplevel [13ms]
2023-03-01 01:44:25.272 [info] > git config --get commit.template [5ms]
2023-03-01 01:44:25.277 [info] > git rev-parse --show-toplevel [6ms]
2023-03-01 01:44:25.285 [info] > git rev-parse --show-toplevel [2ms]
2023-03-01 01:44:25.292 [info] > git for-each-ref --format=%(refname)%00%(upstream:short)%00%(objectname)%00%(upstream:track)%00%(upstream:remotename)%00%(upstream:remoteref) refs/heads/main refs/remotes/main [16ms]
2023-03-01 01:44:25.318 [info] > git for-each-ref --sort -committerdate --format %(refname) %(objectname) %(*objectname) [15ms]
2023-03-01 01:44:25.327 [info] > git status -z -uall [30ms]
2023-03-01 01:44:25.691 [info] > git check-ignore -v -z --stdin [15ms]
2023-03-01 01:44:25.749 [info] > git show --textconv :src/Imlight.Net/Server.cs [28ms]
2023-03-01 01:44:25.754 [info] > git ls-files --stage -- /run/media/jay/5CC8067AC80652A6/Projects/Imlight/src/Imlight.Net/Server.cs [9ms]
2023-03-01 01:44:25.795 [info] > git show --textconv :src/Imlight.Net/Server.cs [9ms]
2023-03-01 01:44:25.798 [info] > git ls-files --stage -- /run/media/jay/5CC8067AC80652A6/Projects/Imlight/src/Imlight.Net/Server.cs [4ms]
