2023-03-01 01:37:08.860 [info] Extension host with pid 106248 started
2023-03-01 01:37:08.860 [info] Skipping acquiring lock for /home/jay/.config/VSCodium/User/workspaceStorage/8ccb52dbf3e94b526bed78001f020ff1.
2023-03-01 01:37:08.956 [info] ExtensionService#_doActivateExtension vscode.emmet, startup: false, activationEvent: 'onLanguage'
2023-03-01 01:37:08.956 [info] ExtensionService#_doActivateExtension vscode.git-base, startup: true, activationEvent: '*', root cause: vscode.git
2023-03-01 01:37:08.997 [info] ExtensionService#_doActivateExtension vscode.git, startup: true, activationEvent: '*'
2023-03-01 01:37:08.997 [info] ExtensionService#_doActivateExtension vscode.github, startup: true, activationEvent: '*'
2023-03-01 01:37:09.067 [info] Eager extensions activated
2023-03-01 01:37:09.082 [info] ExtensionService#_doActivateExtension vscode.debug-auto-launch, startup: false, activationEvent: 'onStartupFinished'
2023-03-01 01:37:09.083 [info] ExtensionService#_doActivateExtension vscode.merge-conflict, startup: false, activationEvent: 'onStartupFinished'
2023-03-01 01:39:49.986 [info] ExtensionService#_doActivateExtension Catppuccin.catppuccin-vsc, startup: false, activationEvent: '*'
2023-03-01 01:39:52.288 [info] ExtensionService#_doActivateExtension vscode.configuration-editing, startup: false, activationEvent: 'onLanguage:jsonc'
2023-03-01 01:39:52.288 [info] ExtensionService#_doActivateExtension vscode.json-language-features, startup: false, activationEvent: 'onLanguage:jsonc'
2023-03-01 01:39:52.288 [info] ExtensionService#_doActivateExtension vscode.typescript-language-features, startup: false, activationEvent: 'onLanguage:jsonc'
2023-03-01 01:40:38.907 [info] Extension host terminating: received terminate message from renderer
2023-03-01 01:40:38.917 [error] Canceled: Canceled
	at new u (/var/lib/snapd/snap/codium/297/usr/share/codium/resources/app/out/vs/workbench/api/node/extensionHostProcess.js:96:92736)
	at l._remoteCall (/var/lib/snapd/snap/codium/297/usr/share/codium/resources/app/out/vs/workbench/api/node/extensionHostProcess.js:106:13769)
	at $.<computed>.N.charCodeAt.$.<computed> (/var/lib/snapd/snap/codium/297/usr/share/codium/resources/app/out/vs/workbench/api/node/extensionHostProcess.js:106:10315)
	at s._doExecuteCommand (/var/lib/snapd/snap/codium/297/usr/share/codium/resources/app/out/vs/workbench/api/node/extensionHostProcess.js:96:112905)
	at s.executeCommand (/var/lib/snapd/snap/codium/297/usr/share/codium/resources/app/out/vs/workbench/api/node/extensionHostProcess.js:96:112216)
	at E.registerCommand.description (/var/lib/snapd/snap/codium/297/usr/share/codium/resources/app/out/vs/workbench/api/node/extensionHostProcess.js:96:111443)
	at s._executeContributedCommand (/var/lib/snapd/snap/codium/297/usr/share/codium/resources/app/out/vs/workbench/api/node/extensionHostProcess.js:96:113540)
	at s._doExecuteCommand (/var/lib/snapd/snap/codium/297/usr/share/codium/resources/app/out/vs/workbench/api/node/extensionHostProcess.js:96:112356)
	at s.executeCommand (/var/lib/snapd/snap/codium/297/usr/share/codium/resources/app/out/vs/workbench/api/node/extensionHostProcess.js:96:112216)
	at Object.executeCommand (/var/lib/snapd/snap/codium/297/usr/share/codium/resources/app/out/vs/workbench/api/node/extensionHostProcess.js:117:33764)
	at D (/var/lib/snapd/snap/codium/297/usr/share/codium/resources/app/extensions/git/dist/main.js:2:2055322)
	at f.invoke (/var/lib/snapd/snap/codium/297/usr/share/codium/resources/app/out/vs/workbench/api/node/extensionHostProcess.js:63:145)
	at g.deliver (/var/lib/snapd/snap/codium/297/usr/share/codium/resources/app/out/vs/workbench/api/node/extensionHostProcess.js:63:2559)
	at d.fire (/var/lib/snapd/snap/codium/297/usr/share/codium/resources/app/out/vs/workbench/api/node/extensionHostProcess.js:63:2137)
	at Object.h [as dispose] (/var/lib/snapd/snap/codium/297/usr/share/codium/resources/app/extensions/git/dist/main.js:2:2070159)
	at /var/lib/snapd/snap/codium/297/usr/share/codium/resources/app/extensions/git/dist/main.js:2:2074226
	at Array.forEach (<anonymous>)
	at g.dispose (/var/lib/snapd/snap/codium/297/usr/share/codium/resources/app/extensions/git/dist/main.js:2:2074212)
	at C.<anonymous> (/var/lib/snapd/snap/codium/297/usr/share/codium/resources/app/out/vs/workbench/api/node/extensionHostProcess.js:94:13686)
	at C.dispose (/var/lib/snapd/snap/codium/297/usr/share/codium/resources/app/out/vs/workbench/api/node/extensionHostProcess.js:94:13821)
	at C.<anonymous> (/var/lib/snapd/snap/codium/297/usr/share/codium/resources/app/extensions/git/dist/main.js:2:2057452)
	at C.dispose (/var/lib/snapd/snap/codium/297/usr/share/codium/resources/app/out/vs/workbench/api/node/extensionHostProcess.js:94:13821)
	at k (/var/lib/snapd/snap/codium/297/usr/share/codium/resources/app/out/vs/workbench/api/node/extensionHostProcess.js:10:12140)
	at f._deactivate (/var/lib/snapd/snap/codium/297/usr/share/codium/resources/app/out/vs/workbench/api/node/extensionHostProcess.js:108:13198)
	at /var/lib/snapd/snap/codium/297/usr/share/codium/resources/app/out/vs/workbench/api/node/extensionHostProcess.js:108:10372
	at Array.map (<anonymous>)
	at f._deactivateAll (/var/lib/snapd/snap/codium/297/usr/share/codium/resources/app/out/vs/workbench/api/node/extensionHostProcess.js:108:10359)
	at f.terminate (/var/lib/snapd/snap/codium/297/usr/share/codium/resources/app/out/vs/workbench/api/node/extensionHostProcess.js:108:10744)
	at h.terminate (/var/lib/snapd/snap/codium/297/usr/share/codium/resources/app/out/vs/workbench/api/node/extensionHostProcess.js:112:1565)
	at p (/var/lib/snapd/snap/codium/297/usr/share/codium/resources/app/out/vs/workbench/api/node/extensionHostProcess.js:122:19074)
	at /var/lib/snapd/snap/codium/297/usr/share/codium/resources/app/out/vs/workbench/api/node/extensionHostProcess.js:122:16964
	at f.invoke (/var/lib/snapd/snap/codium/297/usr/share/codium/resources/app/out/vs/workbench/api/node/extensionHostProcess.js:63:145)
	at g.deliver (/var/lib/snapd/snap/codium/297/usr/share/codium/resources/app/out/vs/workbench/api/node/extensionHostProcess.js:63:2559)
	at d.fire (/var/lib/snapd/snap/codium/297/usr/share/codium/resources/app/out/vs/workbench/api/node/extensionHostProcess.js:63:2137)
	at p.fire (/var/lib/snapd/snap/codium/297/usr/share/codium/resources/app/out/vs/workbench/api/node/extensionHostProcess.js:72:17066)
	at t._receiveMessage (/var/lib/snapd/snap/codium/297/usr/share/codium/resources/app/out/vs/workbench/api/node/extensionHostProcess.js:72:23562)
	at /var/lib/snapd/snap/codium/297/usr/share/codium/resources/app/out/vs/workbench/api/node/extensionHostProcess.js:72:20001
	at f.invoke (/var/lib/snapd/snap/codium/297/usr/share/codium/resources/app/out/vs/workbench/api/node/extensionHostProcess.js:63:145)
	at g.deliver (/var/lib/snapd/snap/codium/297/usr/share/codium/resources/app/out/vs/workbench/api/node/extensionHostProcess.js:63:2559)
	at d.fire (/var/lib/snapd/snap/codium/297/usr/share/codium/resources/app/out/vs/workbench/api/node/extensionHostProcess.js:63:2137)
	at h.acceptChunk (/var/lib/snapd/snap/codium/297/usr/share/codium/resources/app/out/vs/workbench/api/node/extensionHostProcess.js:72:13890)
	at /var/lib/snapd/snap/codium/297/usr/share/codium/resources/app/out/vs/workbench/api/node/extensionHostProcess.js:72:13020
	at Socket.t (/var/lib/snapd/snap/codium/297/usr/share/codium/resources/app/out/vs/workbench/api/node/extensionHostProcess.js:72:28756)
	at Socket.emit (node:events:526:28)
	at addChunk (node:internal/streams/readable:315:12)
	at readableAddChunk (node:internal/streams/readable:289:9)
	at Readable.push (node:internal/streams/readable:228:10)
	at Pipe.onStreamRead (node:internal/stream_base_commons:190:23) setContext undefined
2023-03-01 01:40:38.918 [info] Extension host with pid 106248 exiting with code 0
