2023-03-01 01:53:32.138 [info] Log level: Info
2023-03-01 01:53:32.138 [info] Validating found git in: "git"
2023-03-01 01:53:32.138 [info] Using git "2.39.2" from "git"
2023-03-01 01:53:32.138 [info] > git rev-parse --show-toplevel [5ms]
2023-03-01 01:53:32.138 [info] > git rev-parse --git-dir --git-common-dir [2ms]
2023-03-01 01:53:32.138 [info] Open repository: /run/media/jay/5CC8067AC80652A6/Projects/Imlight
2023-03-01 01:53:32.139 [info] > git rev-parse --show-toplevel [29ms]
2023-03-01 01:53:32.153 [info] > git config --get commit.template [15ms]
2023-03-01 01:53:32.162 [info] > git rev-parse --show-toplevel [15ms]
2023-03-01 01:53:32.172 [info] > git rev-parse --show-toplevel [5ms]
2023-03-01 01:53:32.178 [info] > git for-each-ref --format=%(refname)%00%(upstream:short)%00%(objectname)%00%(upstream:track)%00%(upstream:remotename)%00%(upstream:remoteref) refs/heads/main refs/remotes/main [18ms]
2023-03-01 01:53:32.189 [info] > git rev-parse --show-toplevel [12ms]
2023-03-01 01:53:32.199 [info] > git rev-parse --show-toplevel [4ms]
2023-03-01 01:53:32.209 [info] > git rev-parse --show-toplevel [3ms]
2023-03-01 01:53:32.215 [info] > git status -z -uall [32ms]
2023-03-01 01:53:32.217 [info] > git for-each-ref --sort -committerdate --format %(refname) %(objectname) %(*objectname) [29ms]
2023-03-01 01:53:32.228 [info] > git rev-parse --show-toplevel [14ms]
2023-03-01 01:53:32.234 [info] > git config --get commit.template [5ms]
2023-03-01 01:53:32.239 [info] > git rev-parse --show-toplevel [6ms]
2023-03-01 01:53:32.250 [info] > git rev-parse --show-toplevel [3ms]
2023-03-01 01:53:32.259 [info] > git for-each-ref --format=%(refname)%00%(upstream:short)%00%(objectname)%00%(upstream:track)%00%(upstream:remotename)%00%(upstream:remoteref) refs/heads/main refs/remotes/main [21ms]
2023-03-01 01:53:32.271 [info] > git rev-parse --show-toplevel [14ms]
2023-03-01 01:53:32.287 [info] > git for-each-ref --sort -committerdate --format %(refname) %(objectname) %(*objectname) [17ms]
2023-03-01 01:53:32.293 [info] > git status -z -uall [29ms]
2023-03-01 01:53:32.624 [info] > git check-ignore -v -z --stdin [3ms]
2023-03-01 01:53:32.648 [info] > git show --textconv :src/Imlight.Net/Server.cs [5ms]
2023-03-01 01:53:32.649 [info] > git ls-files --stage -- /run/media/jay/5CC8067AC80652A6/Projects/Imlight/src/Imlight.Net/Server.cs [2ms]
2023-03-01 01:53:32.661 [info] > git show --textconv :src/Imlight.Net/Server.cs [5ms]
2023-03-01 01:53:32.662 [info] > git ls-files --stage -- /run/media/jay/5CC8067AC80652A6/Projects/Imlight/src/Imlight.Net/Server.cs [2ms]
