2023-03-01 01:48:03.514 [info] Log level: Info
2023-03-01 01:48:03.514 [info] Validating found git in: "git"
2023-03-01 01:48:03.514 [info] Using git "2.39.2" from "git"
2023-03-01 01:48:03.514 [info] > git rev-parse --show-toplevel [4ms]
2023-03-01 01:48:03.514 [info] > git rev-parse --git-dir --git-common-dir [2ms]
2023-03-01 01:48:03.514 [info] Open repository: /run/media/jay/5CC8067AC80652A6/Projects/Imlight
2023-03-01 01:48:03.514 [info] > git rev-parse --show-toplevel [25ms]
2023-03-01 01:48:03.515 [info] > git config --get commit.template [15ms]
2023-03-01 01:48:03.522 [info] > git rev-parse --show-toplevel [13ms]
2023-03-01 01:48:03.530 [info] > git rev-parse --show-toplevel [3ms]
2023-03-01 01:48:03.538 [info] > git for-each-ref --format=%(refname)%00%(upstream:short)%00%(objectname)%00%(upstream:track)%00%(upstream:remotename)%00%(upstream:remoteref) refs/heads/main refs/remotes/main [18ms]
2023-03-01 01:48:03.554 [info] > git rev-parse --show-toplevel [15ms]
2023-03-01 01:48:03.562 [info] > git rev-parse --show-toplevel [2ms]
2023-03-01 01:48:03.570 [info] > git for-each-ref --sort -committerdate --format %(refname) %(objectname) %(*objectname) [16ms]
2023-03-01 01:48:03.572 [info] > git rev-parse --show-toplevel [4ms]
2023-03-01 01:48:03.579 [info] > git rev-parse --show-toplevel [2ms]
2023-03-01 01:48:03.583 [info] > git status -z -uall [38ms]
2023-03-01 01:48:03.595 [info] > git rev-parse --show-toplevel [12ms]
2023-03-01 01:48:03.601 [info] > git config --get commit.template [6ms]
2023-03-01 01:48:03.606 [info] > git rev-parse --show-toplevel [6ms]
2023-03-01 01:48:03.616 [info] > git rev-parse --show-toplevel [4ms]
2023-03-01 01:48:03.620 [info] > git for-each-ref --format=%(refname)%00%(upstream:short)%00%(objectname)%00%(upstream:track)%00%(upstream:remotename)%00%(upstream:remoteref) refs/heads/main refs/remotes/main [14ms]
2023-03-01 01:48:03.643 [info] > git for-each-ref --sort -committerdate --format %(refname) %(objectname) %(*objectname) [15ms]
2023-03-01 01:48:03.650 [info] > git status -z -uall [26ms]
2023-03-01 01:48:03.995 [info] > git show --textconv :src/Imlight.Net/Server.cs [4ms]
2023-03-01 01:48:03.996 [info] > git ls-files --stage -- /run/media/jay/5CC8067AC80652A6/Projects/Imlight/src/Imlight.Net/Server.cs [2ms]
2023-03-01 01:48:04.013 [info] > git show --textconv :src/Imlight.Net/Server.cs [8ms]
2023-03-01 01:48:04.013 [info] > git ls-files --stage -- /run/media/jay/5CC8067AC80652A6/Projects/Imlight/src/Imlight.Net/Server.cs [5ms]
2023-03-01 01:48:04.015 [info] > git check-ignore -v -z --stdin [2ms]
