2023-03-01 01:28:12.945 [info] Added views:workbench.panel.markers.view in workbench.panel.markers
2023-03-01 01:28:12.945 [info] Added views:workbench.panel.output in workbench.panel.output
2023-03-01 01:28:12.945 [info] Added views:terminal in terminal
2023-03-01 01:28:12.945 [info] Added views:outline in workbench.view.explorer
2023-03-01 01:28:12.945 [info] Added views:workbench.scm in workbench.view.scm
2023-03-01 01:28:12.945 [info] Added views:workbench.view.search in workbench.view.search
2023-03-01 01:28:12.945 [info] Added views:timeline in workbench.view.explorer
2023-03-01 01:28:12.945 [info] Added views:workbench.explorer.emptyView in workbench.view.explorer
2023-03-01 01:28:13.008 [info] Added views:workbench.debug.variablesView,workbench.debug.watchExpressionsView,workbench.debug.callStackView,workbench.debug.breakPointsView in workbench.view.debug
2023-03-01 01:28:13.647 [info] Added views:workbench.panel.repl.view in workbench.panel.repl
2023-03-01 01:28:13.648 [info] Removed views:workbench.debug.breakPointsView,workbench.debug.callStackView,workbench.debug.watchExpressionsView,workbench.debug.variablesView from workbench.view.debug
2023-03-01 01:28:13.649 [info] Added views:workbench.debug.welcome in workbench.view.debug
2023-03-01 01:28:23.489 [info] Added views:workbench.views.extensions.installed,workbench.views.extensions.popular,extensions.recommendedList in workbench.view.extensions
2023-03-01 01:28:23.492 [info] Removed views:workbench.views.extensions.popular from workbench.view.extensions
2023-03-01 01:28:23.735 [info] Added views:workbench.views.extensions.popular in workbench.view.extensions
2023-03-01 01:28:24.065 [info] Removed views:extensions.recommendedList,workbench.views.extensions.popular,workbench.views.extensions.installed from workbench.view.extensions
2023-03-01 01:28:24.077 [info] Added views:workbench.views.extensions.marketplace in workbench.view.extensions
2023-03-01 01:28:41.548 [info] Removed views:workbench.views.extensions.marketplace from workbench.view.extensions
2023-03-01 01:28:41.555 [info] Added views:workbench.views.extensions.installed,workbench.views.extensions.popular,extensions.recommendedList in workbench.view.extensions
2023-03-01 01:28:42.992 [info] Removed views:extensions.recommendedList,workbench.views.extensions.popular,workbench.views.extensions.installed from workbench.view.extensions
2023-03-01 01:28:43.003 [info] Added views:workbench.views.extensions.marketplace in workbench.view.extensions
