2023-03-01 01:28:49.316 [info] Added views:workbench.panel.markers.view in workbench.panel.markers
2023-03-01 01:28:49.316 [info] Added views:workbench.panel.output in workbench.panel.output
2023-03-01 01:28:49.316 [info] Added views:terminal in terminal
2023-03-01 01:28:49.316 [info] Added views:outline in workbench.view.explorer
2023-03-01 01:28:49.316 [info] Added views:workbench.scm in workbench.view.scm
2023-03-01 01:28:49.317 [info] Added views:workbench.view.search in workbench.view.search
2023-03-01 01:28:49.317 [info] Added views:timeline in workbench.view.explorer
2023-03-01 01:28:49.317 [info] Added views:workbench.explorer.emptyView in workbench.view.explorer
2023-03-01 01:28:49.681 [info] Added views:workbench.debug.welcome in workbench.view.debug
2023-03-01 01:28:49.775 [info] Added views:workbench.panel.repl.view in workbench.panel.repl
2023-03-01 01:29:28.829 [info] Added views:workbench.panel.markers.view in workbench.panel.markers
2023-03-01 01:29:28.829 [info] Added views:workbench.panel.output in workbench.panel.output
2023-03-01 01:29:28.829 [info] Added views:terminal in terminal
2023-03-01 01:29:28.829 [info] Added views:outline in workbench.view.explorer
2023-03-01 01:29:28.829 [info] Added views:workbench.scm in workbench.view.scm
2023-03-01 01:29:28.829 [info] Added views:workbench.view.search in workbench.view.search
2023-03-01 01:29:28.829 [info] Added views:timeline in workbench.view.explorer
2023-03-01 01:29:28.829 [info] Added views:workbench.explorer.fileView in workbench.view.explorer
2023-03-01 01:29:29.073 [info] Added views:workbench.debug.variablesView,workbench.debug.watchExpressionsView,workbench.debug.callStackView,workbench.debug.breakPointsView in workbench.view.debug
2023-03-01 01:29:29.297 [info] Added views:workbench.panel.repl.view in workbench.panel.repl
2023-03-01 01:29:29.298 [info] Removed views:workbench.debug.breakPointsView,workbench.debug.callStackView,workbench.debug.watchExpressionsView,workbench.debug.variablesView from workbench.view.debug
2023-03-01 01:29:29.299 [info] Added views:workbench.debug.welcome in workbench.view.debug
