2023-03-01 01:37:09.094 [info] Log level: Info
2023-03-01 01:37:09.094 [info] Validating found git in: "git"
2023-03-01 01:37:09.094 [info] Using git "2.39.2" from "git"
2023-03-01 01:37:09.094 [info] > git rev-parse --show-toplevel [4ms]
2023-03-01 01:37:09.096 [info] > git rev-parse --git-dir --git-common-dir [19ms]
2023-03-01 01:37:09.104 [info] Open repository: /run/media/jay/5CC8067AC80652A6/Projects/Imlight
2023-03-01 01:37:09.119 [info] > git rev-parse --show-toplevel [8ms]
2023-03-01 01:37:09.126 [info] > git config --get commit.template [7ms]
2023-03-01 01:37:09.132 [info] > git rev-parse --show-toplevel [9ms]
2023-03-01 01:37:09.142 [info] > git rev-parse --show-toplevel [5ms]
2023-03-01 01:37:09.150 [info] > git for-each-ref --format=%(refname)%00%(upstream:short)%00%(objectname)%00%(upstream:track)%00%(upstream:remotename)%00%(upstream:remoteref) refs/heads/main refs/remotes/main [19ms]
2023-03-01 01:37:09.163 [info] > git rev-parse --show-toplevel [16ms]
2023-03-01 01:37:09.171 [info] > git rev-parse --show-toplevel [3ms]
2023-03-01 01:37:09.180 [info] > git rev-parse --show-toplevel [4ms]
2023-03-01 01:37:09.187 [info] > git for-each-ref --sort -committerdate --format %(refname) %(objectname) %(*objectname) [25ms]
2023-03-01 01:37:09.190 [info] > git rev-parse --show-toplevel [4ms]
2023-03-01 01:37:09.196 [info] > git status -z -uall [41ms]
2023-03-01 01:37:09.232 [info] > git rev-parse --show-toplevel [38ms]
2023-03-01 01:37:09.238 [info] > git config --get commit.template [6ms]
2023-03-01 01:37:09.242 [info] > git rev-parse --show-toplevel [6ms]
2023-03-01 01:37:09.251 [info] > git rev-parse --show-toplevel [2ms]
2023-03-01 01:37:09.259 [info] > git for-each-ref --format=%(refname)%00%(upstream:short)%00%(objectname)%00%(upstream:track)%00%(upstream:remotename)%00%(upstream:remoteref) refs/heads/main refs/remotes/main [17ms]
2023-03-01 01:37:09.286 [info] > git for-each-ref --sort -committerdate --format %(refname) %(objectname) %(*objectname) [17ms]
2023-03-01 01:37:09.295 [info] > git status -z -uall [31ms]
2023-03-01 01:37:09.681 [info] > git show --textconv :src/Imlight.Net/Server.cs [43ms]
2023-03-01 01:37:09.681 [info] > git ls-files --stage -- /run/media/jay/5CC8067AC80652A6/Projects/Imlight/src/Imlight.Net/Server.cs [24ms]
2023-03-01 01:37:09.685 [info] > git check-ignore -v -z --stdin [8ms]
2023-03-01 01:37:09.710 [info] > git show --textconv :src/Imlight.Net/Server.cs [8ms]
2023-03-01 01:37:09.713 [info] > git ls-files --stage -- /run/media/jay/5CC8067AC80652A6/Projects/Imlight/src/Imlight.Net/Server.cs [3ms]
